C:\Users\vladp\Desktop\Пример сайта\WEB_REPORTS_27_12_2021\WebReports7\Reports7\dist\out-tsc\e2e\src\app.po.js
C:\Users\vladp\Desktop\Пример сайта\WEB_REPORTS_27_12_2021\WebReports7\Reports7\dist\out-tsc\e2e\src\app.po.js.map
C:\Users\vladp\Desktop\Пример сайта\WEB_REPORTS_27_12_2021\WebReports7\Reports7\dist\out-tsc\e2e\src\app.e2e-spec.js
C:\Users\vladp\Desktop\Пример сайта\WEB_REPORTS_27_12_2021\WebReports7\Reports7\dist\out-tsc\e2e\src\app.e2e-spec.js.map
C:\Users\vladp\Desktop\Пример сайта\WEB_REPORTS_27_12_2021\WebReports7\Reports7\dist\out-tsc\src\app\auto-system\auto-system.component.js
C:\Users\vladp\Desktop\Пример сайта\WEB_REPORTS_27_12_2021\WebReports7\Reports7\dist\out-tsc\src\app\auto-system\auto-system.component.js.map
C:\Users\vladp\Desktop\Пример сайта\WEB_REPORTS_27_12_2021\WebReports7\Reports7\dist\out-tsc\src\app\Services\auto-system.service.js
C:\Users\vladp\Desktop\Пример сайта\WEB_REPORTS_27_12_2021\WebReports7\Reports7\dist\out-tsc\src\app\Services\auto-system.service.js.map
C:\Users\vladp\Desktop\Пример сайта\WEB_REPORTS_27_12_2021\WebReports7\Reports7\dist\out-tsc\src\app\auto-system\connected-systems\connected-systems.component.js
C:\Users\vladp\Desktop\Пример сайта\WEB_REPORTS_27_12_2021\WebReports7\Reports7\dist\out-tsc\src\app\auto-system\connected-systems\connected-systems.component.js.map
C:\Users\vladp\Desktop\Пример сайта\WEB_REPORTS_27_12_2021\WebReports7\Reports7\dist\out-tsc\src\app\Model\Models.js
C:\Users\vladp\Desktop\Пример сайта\WEB_REPORTS_27_12_2021\WebReports7\Reports7\dist\out-tsc\src\app\Model\Models.js.map
C:\Users\vladp\Desktop\Пример сайта\WEB_REPORTS_27_12_2021\WebReports7\Reports7\dist\out-tsc\src\app\auto-system\parameters\parameters.component.js
C:\Users\vladp\Desktop\Пример сайта\WEB_REPORTS_27_12_2021\WebReports7\Reports7\dist\out-tsc\src\app\auto-system\parameters\parameters.component.js.map
C:\Users\vladp\Desktop\Пример сайта\WEB_REPORTS_27_12_2021\WebReports7\Reports7\dist\out-tsc\src\app\Services\full-data-control.service.js
C:\Users\vladp\Desktop\Пример сайта\WEB_REPORTS_27_12_2021\WebReports7\Reports7\dist\out-tsc\src\app\Services\full-data-control.service.js.map
C:\Users\vladp\Desktop\Пример сайта\WEB_REPORTS_27_12_2021\WebReports7\Reports7\dist\out-tsc\src\app\full-data-control\full-data-control.component.js
C:\Users\vladp\Desktop\Пример сайта\WEB_REPORTS_27_12_2021\WebReports7\Reports7\dist\out-tsc\src\app\full-data-control\full-data-control.component.js.map
C:\Users\vladp\Desktop\Пример сайта\WEB_REPORTS_27_12_2021\WebReports7\Reports7\dist\out-tsc\src\app\Services\tag-list.service.js
C:\Users\vladp\Desktop\Пример сайта\WEB_REPORTS_27_12_2021\WebReports7\Reports7\dist\out-tsc\src\app\Services\tag-list.service.js.map
C:\Users\vladp\Desktop\Пример сайта\WEB_REPORTS_27_12_2021\WebReports7\Reports7\dist\out-tsc\src\app\full-data-control\tag-list\tag-list.component.js
C:\Users\vladp\Desktop\Пример сайта\WEB_REPORTS_27_12_2021\WebReports7\Reports7\dist\out-tsc\src\app\full-data-control\tag-list\tag-list.component.js.map
C:\Users\vladp\Desktop\Пример сайта\WEB_REPORTS_27_12_2021\WebReports7\Reports7\dist\out-tsc\src\app\home-page\home-page.component.js
C:\Users\vladp\Desktop\Пример сайта\WEB_REPORTS_27_12_2021\WebReports7\Reports7\dist\out-tsc\src\app\home-page\home-page.component.js.map
C:\Users\vladp\Desktop\Пример сайта\WEB_REPORTS_27_12_2021\WebReports7\Reports7\dist\out-tsc\src\app\Services\masdu.service.js
C:\Users\vladp\Desktop\Пример сайта\WEB_REPORTS_27_12_2021\WebReports7\Reports7\dist\out-tsc\src\app\Services\masdu.service.js.map
C:\Users\vladp\Desktop\Пример сайта\WEB_REPORTS_27_12_2021\WebReports7\Reports7\dist\out-tsc\src\app\masdu\masdu.component.js
C:\Users\vladp\Desktop\Пример сайта\WEB_REPORTS_27_12_2021\WebReports7\Reports7\dist\out-tsc\src\app\masdu\masdu.component.js.map
C:\Users\vladp\Desktop\Пример сайта\WEB_REPORTS_27_12_2021\WebReports7\Reports7\dist\out-tsc\src\app\Services\param-list.service.js
C:\Users\vladp\Desktop\Пример сайта\WEB_REPORTS_27_12_2021\WebReports7\Reports7\dist\out-tsc\src\app\Services\param-list.service.js.map
C:\Users\vladp\Desktop\Пример сайта\WEB_REPORTS_27_12_2021\WebReports7\Reports7\dist\out-tsc\src\app\masdu\param-list\param-list.component.js
C:\Users\vladp\Desktop\Пример сайта\WEB_REPORTS_27_12_2021\WebReports7\Reports7\dist\out-tsc\src\app\masdu\param-list\param-list.component.js.map
C:\Users\vladp\Desktop\Пример сайта\WEB_REPORTS_27_12_2021\WebReports7\Reports7\dist\out-tsc\src\app\Services\wsp-control.service.js
C:\Users\vladp\Desktop\Пример сайта\WEB_REPORTS_27_12_2021\WebReports7\Reports7\dist\out-tsc\src\app\Services\wsp-control.service.js.map
C:\Users\vladp\Desktop\Пример сайта\WEB_REPORTS_27_12_2021\WebReports7\Reports7\dist\out-tsc\src\app\wsp-control\arm-control\arm-control.component.js
C:\Users\vladp\Desktop\Пример сайта\WEB_REPORTS_27_12_2021\WebReports7\Reports7\dist\out-tsc\src\app\wsp-control\arm-control\arm-control.component.js.map
C:\Users\vladp\Desktop\Пример сайта\WEB_REPORTS_27_12_2021\WebReports7\Reports7\dist\out-tsc\src\app\wsp-control\kc-control\kc-control.component.js
C:\Users\vladp\Desktop\Пример сайта\WEB_REPORTS_27_12_2021\WebReports7\Reports7\dist\out-tsc\src\app\wsp-control\kc-control\kc-control.component.js.map
C:\Users\vladp\Desktop\Пример сайта\WEB_REPORTS_27_12_2021\WebReports7\Reports7\dist\out-tsc\src\app\wsp-control\lpu-control\lpu-control.component.js
C:\Users\vladp\Desktop\Пример сайта\WEB_REPORTS_27_12_2021\WebReports7\Reports7\dist\out-tsc\src\app\wsp-control\lpu-control\lpu-control.component.js.map
C:\Users\vladp\Desktop\Пример сайта\WEB_REPORTS_27_12_2021\WebReports7\Reports7\dist\out-tsc\src\app\wsp-control\wsp-control.component.js
C:\Users\vladp\Desktop\Пример сайта\WEB_REPORTS_27_12_2021\WebReports7\Reports7\dist\out-tsc\src\app\wsp-control\wsp-control.component.js.map
C:\Users\vladp\Desktop\Пример сайта\WEB_REPORTS_27_12_2021\WebReports7\Reports7\dist\out-tsc\src\app\crane\crane.component.js
C:\Users\vladp\Desktop\Пример сайта\WEB_REPORTS_27_12_2021\WebReports7\Reports7\dist\out-tsc\src\app\crane\crane.component.js.map
C:\Users\vladp\Desktop\Пример сайта\WEB_REPORTS_27_12_2021\WebReports7\Reports7\dist\out-tsc\src\app\services\crane.service.js
C:\Users\vladp\Desktop\Пример сайта\WEB_REPORTS_27_12_2021\WebReports7\Reports7\dist\out-tsc\src\app\services\crane.service.js.map
C:\Users\vladp\Desktop\Пример сайта\WEB_REPORTS_27_12_2021\WebReports7\Reports7\dist\out-tsc\src\app\crane\crane-report-data\crane-report-data.component.js
C:\Users\vladp\Desktop\Пример сайта\WEB_REPORTS_27_12_2021\WebReports7\Reports7\dist\out-tsc\src\app\crane\crane-report-data\crane-report-data.component.js.map
C:\Users\vladp\Desktop\Пример сайта\WEB_REPORTS_27_12_2021\WebReports7\Reports7\dist\out-tsc\src\app\crane\crane-nsi-data\crane-nsi-data.component.js
C:\Users\vladp\Desktop\Пример сайта\WEB_REPORTS_27_12_2021\WebReports7\Reports7\dist\out-tsc\src\app\crane\crane-nsi-data\crane-nsi-data.component.js.map
C:\Users\vladp\Desktop\Пример сайта\WEB_REPORTS_27_12_2021\WebReports7\Reports7\dist\out-tsc\src\app\app-routing.module.js
C:\Users\vladp\Desktop\Пример сайта\WEB_REPORTS_27_12_2021\WebReports7\Reports7\dist\out-tsc\src\app\app-routing.module.js.map
C:\Users\vladp\Desktop\Пример сайта\WEB_REPORTS_27_12_2021\WebReports7\Reports7\dist\out-tsc\src\app\app.component.js
C:\Users\vladp\Desktop\Пример сайта\WEB_REPORTS_27_12_2021\WebReports7\Reports7\dist\out-tsc\src\app\app.component.js.map
C:\Users\vladp\Desktop\Пример сайта\WEB_REPORTS_27_12_2021\WebReports7\Reports7\dist\out-tsc\src\app\nav-menu\nav-menu.component.js
C:\Users\vladp\Desktop\Пример сайта\WEB_REPORTS_27_12_2021\WebReports7\Reports7\dist\out-tsc\src\app\nav-menu\nav-menu.component.js.map
C:\Users\vladp\Desktop\Пример сайта\WEB_REPORTS_27_12_2021\WebReports7\Reports7\dist\out-tsc\src\app\app.module.js
C:\Users\vladp\Desktop\Пример сайта\WEB_REPORTS_27_12_2021\WebReports7\Reports7\dist\out-tsc\src\app\app.module.js.map
C:\Users\vladp\Desktop\Пример сайта\WEB_REPORTS_27_12_2021\WebReports7\Reports7\dist\out-tsc\src\environments\environment.js
C:\Users\vladp\Desktop\Пример сайта\WEB_REPORTS_27_12_2021\WebReports7\Reports7\dist\out-tsc\src\environments\environment.js.map
C:\Users\vladp\Desktop\Пример сайта\WEB_REPORTS_27_12_2021\WebReports7\Reports7\dist\out-tsc\src\main.js
C:\Users\vladp\Desktop\Пример сайта\WEB_REPORTS_27_12_2021\WebReports7\Reports7\dist\out-tsc\src\main.js.map
C:\Users\vladp\Desktop\Пример сайта\WEB_REPORTS_27_12_2021\WebReports7\Reports7\dist\out-tsc\src\polyfills.js
C:\Users\vladp\Desktop\Пример сайта\WEB_REPORTS_27_12_2021\WebReports7\Reports7\dist\out-tsc\src\polyfills.js.map
C:\Users\vladp\Desktop\Пример сайта\WEB_REPORTS_27_12_2021\WebReports7\Reports7\dist\out-tsc\src\test.js
C:\Users\vladp\Desktop\Пример сайта\WEB_REPORTS_27_12_2021\WebReports7\Reports7\dist\out-tsc\src\test.js.map
C:\Users\vladp\Desktop\Пример сайта\WEB_REPORTS_27_12_2021\WebReports7\Reports7\dist\out-tsc\src\app\app.component.spec.js
C:\Users\vladp\Desktop\Пример сайта\WEB_REPORTS_27_12_2021\WebReports7\Reports7\dist\out-tsc\src\app\app.component.spec.js.map
C:\Users\vladp\Desktop\Пример сайта\WEB_REPORTS_27_12_2021\WebReports7\Reports7\dist\out-tsc\src\app\auto-system\auto-system.component.spec.js
C:\Users\vladp\Desktop\Пример сайта\WEB_REPORTS_27_12_2021\WebReports7\Reports7\dist\out-tsc\src\app\auto-system\auto-system.component.spec.js.map
C:\Users\vladp\Desktop\Пример сайта\WEB_REPORTS_27_12_2021\WebReports7\Reports7\dist\out-tsc\src\app\auto-system\connected-systems\connected-systems.component.spec.js
C:\Users\vladp\Desktop\Пример сайта\WEB_REPORTS_27_12_2021\WebReports7\Reports7\dist\out-tsc\src\app\auto-system\connected-systems\connected-systems.component.spec.js.map
C:\Users\vladp\Desktop\Пример сайта\WEB_REPORTS_27_12_2021\WebReports7\Reports7\dist\out-tsc\src\app\auto-system\parameters\parameters.component.spec.js
C:\Users\vladp\Desktop\Пример сайта\WEB_REPORTS_27_12_2021\WebReports7\Reports7\dist\out-tsc\src\app\auto-system\parameters\parameters.component.spec.js.map
C:\Users\vladp\Desktop\Пример сайта\WEB_REPORTS_27_12_2021\WebReports7\Reports7\dist\out-tsc\src\app\crane\crane.component.spec.js
C:\Users\vladp\Desktop\Пример сайта\WEB_REPORTS_27_12_2021\WebReports7\Reports7\dist\out-tsc\src\app\crane\crane.component.spec.js.map
C:\Users\vladp\Desktop\Пример сайта\WEB_REPORTS_27_12_2021\WebReports7\Reports7\dist\out-tsc\src\app\crane\crane-nsi-data\crane-nsi-data.component.spec.js
C:\Users\vladp\Desktop\Пример сайта\WEB_REPORTS_27_12_2021\WebReports7\Reports7\dist\out-tsc\src\app\crane\crane-nsi-data\crane-nsi-data.component.spec.js.map
C:\Users\vladp\Desktop\Пример сайта\WEB_REPORTS_27_12_2021\WebReports7\Reports7\dist\out-tsc\src\app\crane\crane-report-data\crane-report-data.component.spec.js
C:\Users\vladp\Desktop\Пример сайта\WEB_REPORTS_27_12_2021\WebReports7\Reports7\dist\out-tsc\src\app\crane\crane-report-data\crane-report-data.component.spec.js.map
C:\Users\vladp\Desktop\Пример сайта\WEB_REPORTS_27_12_2021\WebReports7\Reports7\dist\out-tsc\src\app\full-data-control\full-data-control.component.spec.js
C:\Users\vladp\Desktop\Пример сайта\WEB_REPORTS_27_12_2021\WebReports7\Reports7\dist\out-tsc\src\app\full-data-control\full-data-control.component.spec.js.map
C:\Users\vladp\Desktop\Пример сайта\WEB_REPORTS_27_12_2021\WebReports7\Reports7\dist\out-tsc\src\app\full-data-control\tag-list\tag-list.component.spec.js
C:\Users\vladp\Desktop\Пример сайта\WEB_REPORTS_27_12_2021\WebReports7\Reports7\dist\out-tsc\src\app\full-data-control\tag-list\tag-list.component.spec.js.map
C:\Users\vladp\Desktop\Пример сайта\WEB_REPORTS_27_12_2021\WebReports7\Reports7\dist\out-tsc\src\app\home-page\home-page.component.spec.js
C:\Users\vladp\Desktop\Пример сайта\WEB_REPORTS_27_12_2021\WebReports7\Reports7\dist\out-tsc\src\app\home-page\home-page.component.spec.js.map
C:\Users\vladp\Desktop\Пример сайта\WEB_REPORTS_27_12_2021\WebReports7\Reports7\dist\out-tsc\src\app\masdu\masdu.component.spec.js
C:\Users\vladp\Desktop\Пример сайта\WEB_REPORTS_27_12_2021\WebReports7\Reports7\dist\out-tsc\src\app\masdu\masdu.component.spec.js.map
C:\Users\vladp\Desktop\Пример сайта\WEB_REPORTS_27_12_2021\WebReports7\Reports7\dist\out-tsc\src\app\masdu\param-list\param-list.component.spec.js
C:\Users\vladp\Desktop\Пример сайта\WEB_REPORTS_27_12_2021\WebReports7\Reports7\dist\out-tsc\src\app\masdu\param-list\param-list.component.spec.js.map
C:\Users\vladp\Desktop\Пример сайта\WEB_REPORTS_27_12_2021\WebReports7\Reports7\dist\out-tsc\src\app\nav-menu\nav-menu.component.spec.js
C:\Users\vladp\Desktop\Пример сайта\WEB_REPORTS_27_12_2021\WebReports7\Reports7\dist\out-tsc\src\app\nav-menu\nav-menu.component.spec.js.map
C:\Users\vladp\Desktop\Пример сайта\WEB_REPORTS_27_12_2021\WebReports7\Reports7\dist\out-tsc\src\app\services\auto-system.service.spec.js
C:\Users\vladp\Desktop\Пример сайта\WEB_REPORTS_27_12_2021\WebReports7\Reports7\dist\out-tsc\src\app\services\auto-system.service.spec.js.map
C:\Users\vladp\Desktop\Пример сайта\WEB_REPORTS_27_12_2021\WebReports7\Reports7\dist\out-tsc\src\app\services\crane.service.spec.js
C:\Users\vladp\Desktop\Пример сайта\WEB_REPORTS_27_12_2021\WebReports7\Reports7\dist\out-tsc\src\app\services\crane.service.spec.js.map
C:\Users\vladp\Desktop\Пример сайта\WEB_REPORTS_27_12_2021\WebReports7\Reports7\dist\out-tsc\src\app\services\full-data-control.service.spec.js
C:\Users\vladp\Desktop\Пример сайта\WEB_REPORTS_27_12_2021\WebReports7\Reports7\dist\out-tsc\src\app\services\full-data-control.service.spec.js.map
C:\Users\vladp\Desktop\Пример сайта\WEB_REPORTS_27_12_2021\WebReports7\Reports7\dist\out-tsc\src\app\services\masdu.service.spec.js
C:\Users\vladp\Desktop\Пример сайта\WEB_REPORTS_27_12_2021\WebReports7\Reports7\dist\out-tsc\src\app\services\masdu.service.spec.js.map
C:\Users\vladp\Desktop\Пример сайта\WEB_REPORTS_27_12_2021\WebReports7\Reports7\dist\out-tsc\src\app\services\param-list.service.spec.js
C:\Users\vladp\Desktop\Пример сайта\WEB_REPORTS_27_12_2021\WebReports7\Reports7\dist\out-tsc\src\app\services\param-list.service.spec.js.map
C:\Users\vladp\Desktop\Пример сайта\WEB_REPORTS_27_12_2021\WebReports7\Reports7\dist\out-tsc\src\app\services\tag-list.service.spec.js
C:\Users\vladp\Desktop\Пример сайта\WEB_REPORTS_27_12_2021\WebReports7\Reports7\dist\out-tsc\src\app\services\tag-list.service.spec.js.map
C:\Users\vladp\Desktop\Пример сайта\WEB_REPORTS_27_12_2021\WebReports7\Reports7\dist\out-tsc\src\app\services\wsp-control.service.spec.js
C:\Users\vladp\Desktop\Пример сайта\WEB_REPORTS_27_12_2021\WebReports7\Reports7\dist\out-tsc\src\app\services\wsp-control.service.spec.js.map
C:\Users\vladp\Desktop\Пример сайта\WEB_REPORTS_27_12_2021\WebReports7\Reports7\dist\out-tsc\src\app\wsp-control\wsp-control.component.spec.js
C:\Users\vladp\Desktop\Пример сайта\WEB_REPORTS_27_12_2021\WebReports7\Reports7\dist\out-tsc\src\app\wsp-control\wsp-control.component.spec.js.map
C:\Users\vladp\Desktop\Пример сайта\WEB_REPORTS_27_12_2021\WebReports7\Reports7\dist\out-tsc\src\app\wsp-control\arm-control\arm-control.component.spec.js
C:\Users\vladp\Desktop\Пример сайта\WEB_REPORTS_27_12_2021\WebReports7\Reports7\dist\out-tsc\src\app\wsp-control\arm-control\arm-control.component.spec.js.map
C:\Users\vladp\Desktop\Пример сайта\WEB_REPORTS_27_12_2021\WebReports7\Reports7\dist\out-tsc\src\app\wsp-control\kc-control\kc-control.component.spec.js
C:\Users\vladp\Desktop\Пример сайта\WEB_REPORTS_27_12_2021\WebReports7\Reports7\dist\out-tsc\src\app\wsp-control\kc-control\kc-control.component.spec.js.map
C:\Users\vladp\Desktop\Пример сайта\WEB_REPORTS_27_12_2021\WebReports7\Reports7\dist\out-tsc\src\app\wsp-control\lpu-control\lpu-control.component.spec.js
C:\Users\vladp\Desktop\Пример сайта\WEB_REPORTS_27_12_2021\WebReports7\Reports7\dist\out-tsc\src\app\wsp-control\lpu-control\lpu-control.component.spec.js.map
C:\Users\vladp\Desktop\Пример сайта\WEB_REPORTS_27_12_2021\WebReports7\Reports7\dist\out-tsc\src\environments\environment.prod.js
C:\Users\vladp\Desktop\Пример сайта\WEB_REPORTS_27_12_2021\WebReports7\Reports7\dist\out-tsc\src\environments\environment.prod.js.map
